Performing C SOURCE FILE Test CMAKE_HAVE_LIBC_PTHREAD failed with the following output:
Change Dir: /home/haichuan/git/cpp/elte/sensor_fusion/StereoVision/stereo_opencv/build/CMakeFiles/CMakeTmp

Run Build Command(s):/home/haichuan/.local/bin/ninja cmTC_a0a82 && [1/2] Building C object CMakeFiles/cmTC_a0a82.dir/src.c.o
[2/2] Linking C executable cmTC_a0a82
FAILED: cmTC_a0a82 
: && /usr/bin/x86_64-linux-gnu-gcc-6 -fPIC -DCMAKE_HAVE_LIBC_PTHREAD  -rdynamic CMakeFiles/cmTC_a0a82.dir/src.c.o  -o cmTC_a0a82   && :
CMakeFiles/cmTC_a0a82.dir/src.c.o: In function `main':
src.c:(.text+0x3e): undefined reference to `pthread_create'
src.c:(.text+0x4a): undefined reference to `pthread_detach'
src.c:(.text+0x56): undefined reference to `pthread_cancel'
src.c:(.text+0x67): undefined reference to `pthread_join'
src.c:(.text+0x7b): undefined reference to `pthread_atfork'
collect2: error: ld returned 1 exit status
ninja: build stopped: subcommand failed.


Source file was:
#include <pthread.h>

void* test_func(void* data)
{
  return data;
}

int main(void)
{
  pthread_t thread;
  pthread_create(&thread, NULL, test_func, NULL);
  pthread_detach(thread);
  pthread_cancel(thread);
  pthread_join(thread, NULL);
  pthread_atfork(NULL, NULL, NULL);
  pthread_exit(NULL);

  return 0;
}

Determining if the function pthread_create exists in the pthreads failed with the following output:
Change Dir: /home/haichuan/git/cpp/elte/sensor_fusion/StereoVision/stereo_opencv/build/CMakeFiles/CMakeTmp

Run Build Command(s):/home/haichuan/.local/bin/ninja cmTC_9c864 && [1/2] Building C object CMakeFiles/cmTC_9c864.dir/CheckFunctionExists.c.o
[2/2] Linking C executable cmTC_9c864
FAILED: cmTC_9c864 
: && /usr/bin/x86_64-linux-gnu-gcc-6 -fPIC -DCHECK_FUNCTION_EXISTS=pthread_create  -rdynamic CMakeFiles/cmTC_9c864.dir/CheckFunctionExists.c.o  -o cmTC_9c864  -lpthreads && :
/usr/bin/x86_64-linux-gnu-ld: cannot find -lpthreads
collect2: error: ld returned 1 exit status
ninja: build stopped: subcommand failed.



